<?xml version="1.0" encoding="UTF-8"?>
<!-- Generated by org.testng.reporters.JUnitXMLReporter -->
<testsuite hostname="DESKTOP-7O4STH9" ignored="0" name="Test" tests="2" failures="2" timestamp="29 Apr 2022 01:45:30 GMT" time="23.191" errors="0">
  <testcase name="homePageValidatio" time="0.187" classname="com.TestLayer.LoginPage">
    <failure type="java.lang.AssertionError" message="expected [true] but found [false]">
      <![CDATA[java.lang.AssertionError: expected [true] but found [false]
at com.TestLayer.LoginPage.homePageValidatio(LoginPage.java:40)
... Removed 31 stack frames]]>
    </failure>
  </testcase> <!-- homePageValidatio -->
  <testcase name="homePageValidatio" time="2.113" classname="com.TestLayer.LoginPage">
    <failure type="java.lang.IllegalArgumentException" message="Parameter &amp;apos;srcDir&amp;apos; is not a directory: &amp;apos;C:\Users\Ganesh\AppData\Local\Temp\screenshot4262702876997078445.png&amp;apos;">
      <![CDATA[java.lang.IllegalArgumentException: Parameter 'srcDir' is not a directory: 'C:\Users\Ganesh\AppData\Local\Temp\screenshot4262702876997078445.png'
at org.apache.commons.io.FileUtils.requireDirectory(FileUtils.java:2635)
at org.apache.commons.io.FileUtils.copyDirectory(FileUtils.java:682)
at org.apache.commons.io.FileUtils.copyDirectory(FileUtils.java:630)
at org.apache.commons.io.FileUtils.copyDirectory(FileUtils.java:531)
at org.apache.commons.io.FileUtils.copyDirectory(FileUtils.java:502)
at com.UtilsLayer.Screenshot.screenshot(Screenshot.java:24)
at com.UtilsLayer.ExtentReportListener.onTestFailure(ExtentReportListener.java:30)
... Removed 22 stack frames]]>
    </failure>
  </testcase> <!-- homePageValidatio -->
</testsuite> <!-- Test -->
