<?xml version="1.0" encoding="UTF-8"?>
<!-- Generated by org.testng.reporters.JUnitXMLReporter -->
<testsuite hostname="DESKTOP-7O4STH9" ignored="0" name="Test" tests="4" failures="2" timestamp="01 May 2022 08:27:58 GMT" time="45.533" errors="0">
  <testcase name="homePageValidatio" time="0.195" classname="com.TestLayer.LoginPage">
    <failure type="java.lang.AssertionError" message="expected [true] but found [false]">
      <![CDATA[java.lang.AssertionError: expected [true] but found [false]
at com.TestLayer.LoginPage.homePageValidatio(LoginPage.java:47)
... Removed 31 stack frames]]>
    </failure>
  </testcase> <!-- homePageValidatio -->
  <testcase name="loginChech" time="17.536" classname="com.TestLayer.LoginPage"/>
  <testcase name="titleValidation" time="0.022" classname="com.TestLayer.LoginPage"/>
  <testcase name="urlValidation" time="0.021" classname="com.TestLayer.LoginPage">
    <failure type="java.lang.AssertionError" message="expected [true] but found [false]">
      <![CDATA[java.lang.AssertionError: expected [true] but found [false]
at com.TestLayer.LoginPage.urlValidation(LoginPage.java:31)
... Removed 31 stack frames]]>
    </failure>
  </testcase> <!-- urlValidation -->
</testsuite> <!-- Test -->
